<?xml version="1.0" encoding="UTF-8"?>
<!-- Generated by org.testng.reporters.JUnitReportReporter -->
<testsuite hostname="Kaloyan" failures="0" tests="11" name="musala.test.TestCases" time="111.146" errors="0" timestamp="2024-04-23T23:34:35 EEST" skipped="0">
  <testcase classname="musala.test.TestCases" name="testCase1" time="6.111"/>
  <testcase classname="musala.test.TestCases" name="testCase3" time="13.446"/>
  <testcase classname="musala.test.TestCases" name="testCase3" time="14.145"/>
  <testcase classname="musala.test.TestCases" name="testCase2" time="8.568"/>
  <testcase classname="musala.test.TestCases" name="testCase1" time="6.492"/>
  <testcase classname="musala.test.TestCases" name="testCase1" time="6.020"/>
  <testcase classname="musala.test.TestCases" name="testCase1" time="7.698"/>
  <testcase classname="musala.test.TestCases" name="testCase3" time="13.902"/>
  <testcase classname="musala.test.TestCases" name="testCase3" time="13.948"/>
  <testcase classname="musala.test.TestCases" name="testCase1" time="6.274"/>
  <testcase classname="musala.test.TestCases" name="testCase4" time="14.542"/>
</testsuite> <!-- musala.test.TestCases -->
