<?xml version="1.0" encoding="UTF-8"?>
<!-- Generated by org.testng.reporters.JUnitReportReporter -->
<testsuite hostname="Kaloyan" failures="0" tests="11" name="musala.test.TestCases" time="113.881" errors="0" timestamp="2024-04-12T21:39:21 EEST" skipped="0">
  <testcase classname="musala.test.TestCases" name="testCase1" time="7.026"/>
  <system-out/>
  <testcase classname="musala.test.TestCases" name="testCase3" time="13.894"/>
  <system-out/>
  <testcase classname="musala.test.TestCases" name="testCase1" time="6.298"/>
  <system-out/>
  <testcase classname="musala.test.TestCases" name="testCase3" time="15.040"/>
  <system-out/>
  <testcase classname="musala.test.TestCases" name="testCase1" time="5.847"/>
  <system-out/>
  <testcase classname="musala.test.TestCases" name="testCase2" time="9.767"/>
  <system-out/>
  <testcase classname="musala.test.TestCases" name="testCase3" time="13.779"/>
  <system-out/>
  <testcase classname="musala.test.TestCases" name="testCase1" time="6.298"/>
  <system-out/>
  <testcase classname="musala.test.TestCases" name="testCase1" time="6.357"/>
  <system-out/>
  <testcase classname="musala.test.TestCases" name="testCase4" time="14.861"/>
  <system-out/>
  <testcase classname="musala.test.TestCases" name="testCase3" time="14.714"/>
  <system-out/>
</testsuite> <!-- musala.test.TestCases -->
