<?xml version="1.0" encoding="UTF-8"?>
<!-- Generated by org.testng.reporters.JUnitReportReporter -->
<testsuite hostname="Kaloyan" failures="0" tests="11" name="musala.test.TestCases" time="98.782" errors="0" timestamp="2024-04-14T23:21:53 EEST" skipped="0">
  <testcase classname="musala.test.TestCases" name="testCase1" time="5.806"/>
  <system-out/>
  <testcase classname="musala.test.TestCases" name="testCase1" time="5.946"/>
  <system-out/>
  <testcase classname="musala.test.TestCases" name="testCase2" time="8.047"/>
  <system-out/>
  <testcase classname="musala.test.TestCases" name="testCase4" time="13.175"/>
  <system-out/>
  <testcase classname="musala.test.TestCases" name="testCase1" time="4.924"/>
  <system-out/>
  <testcase classname="musala.test.TestCases" name="testCase3" time="11.998"/>
  <system-out/>
  <testcase classname="musala.test.TestCases" name="testCase3" time="12.213"/>
  <system-out/>
  <testcase classname="musala.test.TestCases" name="testCase1" time="6.171"/>
  <system-out/>
  <testcase classname="musala.test.TestCases" name="testCase3" time="12.335"/>
  <system-out/>
  <testcase classname="musala.test.TestCases" name="testCase1" time="5.630"/>
  <system-out/>
  <testcase classname="musala.test.TestCases" name="testCase3" time="12.537"/>
  <system-out/>
</testsuite> <!-- musala.test.TestCases -->
