<?xml version="1.0" encoding="UTF-8"?>
<!-- Generated by org.testng.reporters.JUnitReportReporter -->
<testsuite hostname="Kaloyan" failures="0" tests="11" name="musala.test.TestCases" time="113.494" errors="0" timestamp="2024-04-13T18:42:53 EEST" skipped="0">
  <testcase classname="musala.test.TestCases" name="testCase3" time="12.524"/>
  <system-out/>
  <testcase classname="musala.test.TestCases" name="testCase1" time="5.493"/>
  <system-out/>
  <testcase classname="musala.test.TestCases" name="testCase1" time="18.636"/>
  <system-out/>
  <testcase classname="musala.test.TestCases" name="testCase2" time="9.167"/>
  <system-out/>
  <testcase classname="musala.test.TestCases" name="testCase3" time="12.290"/>
  <system-out/>
  <testcase classname="musala.test.TestCases" name="testCase1" time="5.698"/>
  <system-out/>
  <testcase classname="musala.test.TestCases" name="testCase1" time="6.395"/>
  <system-out/>
  <testcase classname="musala.test.TestCases" name="testCase4" time="12.943"/>
  <system-out/>
  <testcase classname="musala.test.TestCases" name="testCase3" time="12.465"/>
  <system-out/>
  <testcase classname="musala.test.TestCases" name="testCase1" time="5.768"/>
  <system-out/>
  <testcase classname="musala.test.TestCases" name="testCase3" time="12.115"/>
  <system-out/>
</testsuite> <!-- musala.test.TestCases -->
