<?xml version="1.0" encoding="UTF-8"?>
<!-- Generated by org.testng.reporters.JUnitReportReporter -->
<testsuite hostname="Kaloyan" failures="0" tests="22" name="musala.test.TestCases" time="846.464" errors="0" timestamp="2024-04-24T08:28:01 EEST" skipped="0">
  <testcase classname="musala.test.TestCases" name="testCase3" time="81.098"/>
  <testcase classname="musala.test.TestCases" name="testCase1" time="12.134"/>
  <testcase classname="musala.test.TestCases" name="testCase2" time="10.097"/>
  <testcase classname="musala.test.TestCases" name="testCase1" time="8.939"/>
  <testcase classname="musala.test.TestCases" name="testCase1" time="10.709"/>
  <testcase classname="musala.test.TestCases" name="testCase2" time="10.388"/>
  <testcase classname="musala.test.TestCases" name="testCase1" time="81.529"/>
  <testcase classname="musala.test.TestCases" name="testCase3" time="23.156"/>
  <testcase classname="musala.test.TestCases" name="testCase3" time="19.171"/>
  <testcase classname="musala.test.TestCases" name="testCase3" time="122.209"/>
  <testcase classname="musala.test.TestCases" name="testCase4" time="17.470"/>
  <testcase classname="musala.test.TestCases" name="testCase1" time="11.303"/>
  <testcase classname="musala.test.TestCases" name="testCase3" time="106.600"/>
  <testcase classname="musala.test.TestCases" name="testCase1" time="55.158"/>
  <testcase classname="musala.test.TestCases" name="testCase1" time="20.908"/>
  <testcase classname="musala.test.TestCases" name="testCase3" time="15.642"/>
  <testcase classname="musala.test.TestCases" name="testCase1" time="22.882"/>
  <testcase classname="musala.test.TestCases" name="testCase1" time="11.872"/>
  <testcase classname="musala.test.TestCases" name="testCase1" time="8.855"/>
  <testcase classname="musala.test.TestCases" name="testCase3" time="19.280"/>
  <testcase classname="musala.test.TestCases" name="testCase4" time="126.237"/>
  <testcase classname="musala.test.TestCases" name="testCase3" time="50.827"/>
</testsuite> <!-- musala.test.TestCases -->
