<?xml version="1.0" encoding="UTF-8"?>
<!-- Generated by org.testng.reporters.JUnitReportReporter -->
<testsuite hostname="Kaloyan" failures="0" tests="11" name="musala.test.TestCases" time="111.516" errors="0" timestamp="2024-04-16T16:51:13 EEST" skipped="0">
  <testcase classname="musala.test.TestCases" name="testCase3" time="14.351"/>
  <system-out/>
  <testcase classname="musala.test.TestCases" name="testCase2" time="7.523"/>
  <system-out/>
  <testcase classname="musala.test.TestCases" name="testCase3" time="12.215"/>
  <system-out/>
  <testcase classname="musala.test.TestCases" name="testCase1" time="7.412"/>
  <system-out/>
  <testcase classname="musala.test.TestCases" name="testCase4" time="13.771"/>
  <system-out/>
  <testcase classname="musala.test.TestCases" name="testCase1" time="6.089"/>
  <system-out/>
  <testcase classname="musala.test.TestCases" name="testCase1" time="7.597"/>
  <system-out/>
  <testcase classname="musala.test.TestCases" name="testCase3" time="12.024"/>
  <system-out/>
  <testcase classname="musala.test.TestCases" name="testCase1" time="5.769"/>
  <system-out/>
  <testcase classname="musala.test.TestCases" name="testCase1" time="12.144"/>
  <system-out/>
  <testcase classname="musala.test.TestCases" name="testCase3" time="12.621"/>
  <system-out/>
</testsuite> <!-- musala.test.TestCases -->
